[23:11:36] [warning] Ayin: Initialized Log
[23:11:36] [info] App: Hello
[23:11:36] [info] Ayin: Initializing GLFW
[23:11:37] [info] Ayin: OpenGL Info
[23:11:37] [info] Ayin:   Vdndor: NVIDIA Corporation
[23:11:37] [info] Ayin:   Renderer: NVIDIA GeForce RTX 3050 Laptop GPU/PCIe/SSE2
[23:11:37] [info] Ayin:   Version: 4.6.0 NVIDIA 581.83
[23:11:37] [error] App: Now FOV: 60
[23:11:37] [info] Ayin: FrameInterval:0.5225948s  (522.5948ms)
[23:11:37] [trace] Ayin: MouseMovedEvent: (161, 215)
[23:11:37] [info] Ayin: FrameInterval:0.1684019s  (168.4019ms)
[23:11:37] [trace] Ayin: MouseMovedEvent: (160, 215)
[23:11:37] [info] Ayin: FrameInterval:0.014196992s  (14.196992ms)
[23:11:37] [trace] Ayin: MouseMovedEvent: (159, 215)
[23:11:37] [info] Ayin: FrameInterval:0.008091986s  (8.091986ms)
[23:11:37] [info] Ayin: FrameInterval:0.0054802895s  (5.4802895ms)
[23:11:37] [trace] Ayin: MouseMovedEvent: (158, 215)
[23:11:37] [info] Ayin: FrameInterval:0.007402241s  (7.402241ms)
[23:11:37] [info] Ayin: FrameInterval:0.016773462s  (16.773462ms)
[23:11:37] [trace] Ayin: MouseMovedEvent: (156, 215)
[23:11:37] [info] Ayin: FrameInterval:0.016663313s  (16.663313ms)
[23:11:37] [trace] Ayin: MouseMovedEvent: (154, 214)
[23:11:37] [info] Ayin: FrameInterval:0.016656697s  (16.656696ms)
[23:11:37] [trace] Ayin: MouseMovedEvent: (153, 213)
[23:11:37] [info] Ayin: FrameInterval:0.01667893s  (16.678928ms)
[23:11:37] [trace] Ayin: MouseMovedEvent: (151, 212)
[23:11:37] [info] Ayin: FrameInterval:0.01662141s  (16.62141ms)
[23:11:37] [trace] Ayin: MouseMovedEvent: (150, 211)
[23:11:37] [info] Ayin: FrameInterval:0.01670736s  (16.707361ms)
[23:11:37] [trace] Ayin: MouseMovedEvent: (146, 207)
[23:11:37] [info] Ayin: FrameInterval:0.016691089s  (16.69109ms)
[23:11:37] [trace] Ayin: MouseMovedEvent: (142, 204)
[23:11:37] [info] Ayin: FrameInterval:0.016647398s  (16.647398ms)
[23:11:37] [trace] Ayin: MouseMovedEvent: (141, 203)
[23:11:37] [info] Ayin: FrameInterval:0.016611516s  (16.611517ms)
[23:11:37] [trace] Ayin: MouseMovedEvent: (135, 198)
[23:11:37] [info] Ayin: FrameInterval:0.016678631s  (16.67863ms)
[23:11:37] [trace] Ayin: MouseMovedEvent: (134, 196)
[23:11:37] [info] Ayin: FrameInterval:0.016678393s  (16.678392ms)
[23:11:37] [trace] Ayin: MouseMovedEvent: (128, 192)
[23:11:37] [info] Ayin: FrameInterval:0.016646564s  (16.646564ms)
[23:11:37] [trace] Ayin: MouseMovedEvent: (126, 190)
[23:11:37] [info] Ayin: FrameInterval:0.016826391s  (16.826391ms)
[23:11:37] [trace] Ayin: MouseMovedEvent: (123, 185)
[23:11:37] [info] Ayin: FrameInterval:0.016533911s  (16.53391ms)
[23:11:37] [trace] Ayin: MouseMovedEvent: (120, 181)
[23:11:37] [info] Ayin: FrameInterval:0.016705334s  (16.705334ms)
[23:11:37] [trace] Ayin: MouseMovedEvent: (116, 177)
[23:11:37] [info] Ayin: FrameInterval:0.01664716s  (16.64716ms)
[23:11:37] [trace] Ayin: MouseMovedEvent: (112, 173)
[23:11:37] [info] Ayin: FrameInterval:0.016798735s  (16.798735ms)
[23:11:37] [trace] Ayin: MouseMovedEvent: (110, 171)
[23:11:37] [info] Ayin: FrameInterval:0.01651001s  (16.51001ms)
[23:11:37] [trace] Ayin: MouseMovedEvent: (109, 170)
[23:11:37] [info] Ayin: FrameInterval:0.016847849s  (16.847849ms)
[23:11:37] [trace] Ayin: MouseMovedEvent: (107, 167)
[23:11:37] [info] Ayin: FrameInterval:0.016575336s  (16.575336ms)
[23:11:37] [trace] Ayin: MouseMovedEvent: (106, 164)
[23:11:37] [info] Ayin: FrameInterval:0.016582131s  (16.58213ms)
[23:11:37] [trace] Ayin: MouseMovedEvent: (104, 162)
[23:11:37] [info] Ayin: FrameInterval:0.016656518s  (16.656517ms)
[23:11:37] [trace] Ayin: MouseMovedEvent: (103, 159)
[23:11:37] [info] Ayin: FrameInterval:0.016673088s  (16.673088ms)
[23:11:37] [trace] Ayin: MouseMovedEvent: (101, 156)
[23:11:37] [info] Ayin: FrameInterval:0.016675472s  (16.675472ms)
[23:11:37] [trace] Ayin: MouseMovedEvent: (99, 154)
[23:11:38] [info] Ayin: FrameInterval:0.016638637s  (16.638638ms)
[23:11:38] [trace] Ayin: MouseMovedEvent: (99, 151)
[23:11:38] [info] Ayin: FrameInterval:0.016617894s  (16.617893ms)
[23:11:38] [trace] Ayin: MouseMovedEvent: (98, 150)
[23:11:38] [info] Ayin: FrameInterval:0.016714811s  (16.714811ms)
[23:11:38] [trace] Ayin: MouseMovedEvent: (98, 148)
[23:11:38] [info] Ayin: FrameInterval:0.016634822s  (16.634823ms)
[23:11:38] [trace] Ayin: MouseMovedEvent: (98, 147)
[23:11:38] [info] Ayin: FrameInterval:0.016747832s  (16.747833ms)
[23:11:38] [trace] Ayin: MouseMovedEvent: (97, 145)
[23:11:38] [info] Ayin: FrameInterval:0.016602397s  (16.602398ms)
[23:11:38] [trace] Ayin: MouseMovedEvent: (97, 144)
[23:11:38] [info] Ayin: FrameInterval:0.016664505s  (16.664505ms)
[23:11:38] [trace] Ayin: MouseMovedEvent: (97, 139)
[23:11:38] [info] Ayin: FrameInterval:0.016853333s  (16.853333ms)
[23:11:38] [trace] Ayin: MouseMovedEvent: (97, 134)
[23:11:38] [trace] Ayin: MouseMovedEvent: (97, 131)
[23:11:38] [info] Ayin: FrameInterval:0.016535997s  (16.535997ms)
[23:11:38] [trace] Ayin: MouseMovedEvent: (97, 123)
[23:11:38] [info] Ayin: FrameInterval:0.016884923s  (16.884922ms)
[23:11:38] [trace] Ayin: MouseMovedEvent: (97, 115)
[23:11:38] [info] Ayin: FrameInterval:0.017297983s  (17.297983ms)
[23:11:38] [trace] Ayin: MouseMovedEvent: (97, 109)
[23:11:38] [info] Ayin: FrameInterval:0.015829563s  (15.829563ms)
[23:11:38] [trace] Ayin: MouseMovedEvent: (96, 102)
[23:11:38] [info] Ayin: FrameInterval:0.016622186s  (16.622185ms)
[23:11:38] [trace] Ayin: MouseMovedEvent: (95, 101)
[23:11:38] [info] Ayin: FrameInterval:0.016945124s  (16.945124ms)
[23:11:38] [info] Ayin: FrameInterval:0.016471148s  (16.471148ms)
[23:11:38] [trace] Ayin: MouseMovedEvent: (95, 100)
[23:11:38] [info] Ayin: FrameInterval:0.016689181s  (16.689182ms)
[23:11:38] [trace] Ayin: MouseMovedEvent: (94, 98)
[23:11:38] [info] Ayin: FrameInterval:0.016521454s  (16.521454ms)
[23:11:38] [trace] Ayin: MouseMovedEvent: (91, 96)
[23:11:38] [info] Ayin: FrameInterval:0.016715407s  (16.715408ms)
[23:11:38] [trace] Ayin: MouseMovedEvent: (90, 92)
[23:11:38] [info] Ayin: FrameInterval:0.016696334s  (16.696335ms)
[23:11:38] [trace] Ayin: MouseMovedEvent: (89, 89)
[23:11:38] [info] Ayin: FrameInterval:0.016666532s  (16.66653ms)
[23:11:38] [trace] Ayin: MouseMovedEvent: (88, 88)
[23:11:38] [info] Ayin: FrameInterval:0.016627073s  (16.627073ms)
[23:11:38] [info] Ayin: FrameInterval:0.0168252s  (16.8252ms)
[23:11:38] [info] Ayin: FrameInterval:0.016495347s  (16.495346ms)
[23:11:38] [info] Ayin: FrameInterval:0.016769648s  (16.769648ms)
[23:11:38] [info] Ayin: FrameInterval:0.0167135s  (16.713501ms)
[23:11:38] [trace] Ayin: MouseMovedEvent: (87, 86)
[23:11:38] [info] Ayin: FrameInterval:0.016575813s  (16.575813ms)
[23:11:38] [trace] Ayin: MouseMovedEvent: (87, 85)
[23:11:38] [info] Ayin: FrameInterval:0.016606927s  (16.606926ms)
[23:11:38] [trace] Ayin: MouseMovedEvent: (87, 84)
[23:11:38] [info] Ayin: FrameInterval:0.016667366s  (16.667366ms)
[23:11:38] [trace] Ayin: MouseMovedEvent: (86, 83)
[23:11:38] [info] Ayin: FrameInterval:0.016668558s  (16.668558ms)
[23:11:38] [trace] Ayin: MouseMovedEvent: (85, 82)
[23:11:38] [info] Ayin: FrameInterval:0.016770601s  (16.770601ms)
[23:11:38] [trace] Ayin: MouseMovedEvent: (85, 81)
[23:11:38] [info] Ayin: FrameInterval:0.016762972s  (16.762972ms)
[23:11:38] [trace] Ayin: MouseMovedEvent: (85, 79)
[23:11:38] [info] Ayin: FrameInterval:0.016417742s  (16.417742ms)
[23:11:38] [info] Ayin: FrameInterval:0.016943574s  (16.943573ms)
[23:11:38] [info] Ayin: FrameInterval:0.016536474s  (16.536474ms)
[23:11:38] [trace] Ayin: MouseMovedEvent: (85, 78)
[23:11:38] [info] Ayin: FrameInterval:0.016770601s  (16.770601ms)
[23:11:38] [trace] Ayin: MouseMovedEvent: (83, 77)
[23:11:38] [info] Ayin: FrameInterval:0.016564012s  (16.56401ms)
[23:11:38] [info] Ayin: FrameInterval:0.016651511s  (16.651512ms)
[23:11:38] [trace] Ayin: MouseMovedEvent: (82, 76)
[23:11:38] [info] Ayin: FrameInterval:0.01658976s  (16.58976ms)
[23:11:38] [info] Ayin: FrameInterval:0.016910672s  (16.910671ms)
[23:11:38] [info] Ayin: FrameInterval:0.016545773s  (16.545773ms)
[23:11:38] [trace] Ayin: MouseMovedEvent: (82, 74)
[23:11:38] [info] Ayin: FrameInterval:0.016636848s  (16.636848ms)
[23:11:38] [info] Ayin: FrameInterval:0.016575217s  (16.575218ms)
[23:11:38] [info] Ayin: FrameInterval:0.016668677s  (16.668678ms)
[23:11:38] [trace] Ayin: MouseMovedEvent: (82, 72)
[23:11:38] [info] Ayin: FrameInterval:0.01660657s  (16.60657ms)
[23:11:38] [trace] Ayin: MouseMovedEvent: (82, 71)
[23:11:38] [info] Ayin: FrameInterval:0.016777277s  (16.777277ms)
[23:11:38] [trace] Ayin: MouseMovedEvent: (82, 69)
[23:11:38] [trace] Ayin: MouseMovedEvent: (82, 68)
[23:11:38] [info] Ayin: FrameInterval:0.016633153s  (16.633152ms)
[23:11:38] [info] Ayin: FrameInterval:0.016744852s  (16.744852ms)
[23:11:38] [trace] Ayin: MouseMovedEvent: (82, 67)
[23:11:38] [info] Ayin: FrameInterval:0.016664982s  (16.664982ms)
[23:11:38] [info] Ayin: FrameInterval:0.016769886s  (16.769886ms)
[23:11:38] [info] Ayin: FrameInterval:0.016610742s  (16.61074ms)
[23:11:38] [info] Ayin: FrameInterval:0.016603231s  (16.603231ms)
[23:11:38] [info] Ayin: FrameInterval:0.016621709s  (16.621708ms)
[23:11:38] [trace] Ayin: MouseButtonPreasedEvent: 0
[23:11:38] [info] Ayin: FrameInterval:0.016703248s  (16.703247ms)
[23:11:38] [info] Ayin: FrameInterval:0.016591787s  (16.591787ms)
[23:11:38] [info] Ayin: FrameInterval:0.016682625s  (16.682625ms)
[23:11:38] [info] Ayin: FrameInterval:0.01667428s  (16.67428ms)
[23:11:38] [info] Ayin: FrameInterval:0.0167737s  (16.7737ms)
[23:11:38] [trace] Ayin: MouseButtonReleasedEvent: 0
[23:11:38] [info] Ayin: FrameInterval:0.016575813s  (16.575813ms)
[23:11:38] [info] Ayin: FrameInterval:0.016809225s  (16.809225ms)
[23:11:38] [info] Ayin: FrameInterval:0.016504526s  (16.504526ms)
[23:11:39] [info] Ayin: FrameInterval:0.016729832s  (16.729832ms)
[23:11:39] [trace] Ayin: MouseMovedEvent: (82, 66)
[23:11:39] [info] Ayin: FrameInterval:0.016681433s  (16.681433ms)
[23:11:39] [info] Ayin: FrameInterval:0.016594172s  (16.594172ms)
[23:11:39] [info] Ayin: FrameInterval:0.016701221s  (16.701221ms)
[23:11:39] [trace] Ayin: MouseMovedEvent: (84, 66)
[23:11:39] [info] Ayin: FrameInterval:0.01686287s  (16.86287ms)
[23:11:39] [trace] Ayin: MouseMovedEvent: (85, 66)
[23:11:39] [info] Ayin: FrameInterval:0.016585112s  (16.585112ms)
[23:11:39] [trace] Ayin: MouseMovedEvent: (86, 66)
[23:11:39] [info] Ayin: FrameInterval:0.016703367s  (16.703367ms)
[23:11:39] [info] Ayin: FrameInterval:0.016569376s  (16.569376ms)
[23:11:39] [info] Ayin: FrameInterval:0.016811132s  (16.811132ms)
[23:11:39] [info] Ayin: FrameInterval:0.016566515s  (16.566515ms)
[23:11:39] [info] Ayin: FrameInterval:0.016688108s  (16.688108ms)
[23:11:39] [info] Ayin: FrameInterval:0.016561985s  (16.561985ms)
[23:11:39] [info] Ayin: FrameInterval:0.016822577s  (16.822577ms)
[23:11:39] [trace] Ayin: MouseMovedEvent: (87, 66)
[23:11:39] [info] Ayin: FrameInterval:0.016636372s  (16.636372ms)
[23:11:39] [trace] Ayin: MouseMovedEvent: (88, 66)
[23:11:39] [info] Ayin: FrameInterval:0.016556978s  (16.556978ms)
[23:11:39] [info] Ayin: FrameInterval:0.016745806s  (16.745806ms)
[23:11:39] [trace] Ayin: MouseMovedEvent: (90, 65)
[23:11:39] [trace] Ayin: MouseMovedEvent: (91, 64)
[23:11:39] [info] Ayin: FrameInterval:0.01658988s  (16.58988ms)
[23:11:39] [trace] Ayin: MouseMovedEvent: (101, 62)
[23:11:39] [info] Ayin: FrameInterval:0.016986132s  (16.986132ms)
[23:11:39] [trace] Ayin: MouseMovedEvent: (126, 58)
[23:11:39] [info] Ayin: FrameInterval:0.016686916s  (16.686916ms)
[23:11:39] [trace] Ayin: MouseMovedEvent: (193, 53)
[23:11:39] [info] Ayin: FrameInterval:0.016348839s  (16.348839ms)
[23:11:39] [trace] Ayin: MouseMovedEvent: (305, 53)
[23:11:39] [info] Ayin: FrameInterval:0.016703129s  (16.703129ms)
[23:11:39] [trace] Ayin: MouseMovedEvent: (454, 53)
[23:11:39] [info] Ayin: FrameInterval:0.016591787s  (16.591787ms)
[23:11:39] [trace] Ayin: MouseMovedEvent: (613, 53)
[23:11:39] [info] Ayin: FrameInterval:0.016658306s  (16.658306ms)
[23:11:39] [trace] Ayin: MouseMovedEvent: (758, 53)
[23:11:39] [info] Ayin: FrameInterval:0.01672721s  (16.72721ms)
[23:11:39] [trace] Ayin: MouseMovedEvent: (900, 53)
[23:11:39] [info] Ayin: FrameInterval:0.016685724s  (16.685724ms)
[23:11:39] [trace] Ayin: MouseMovedEvent: (1042, 53)
[23:11:39] [info] Ayin: FrameInterval:0.01672244s  (16.72244ms)
[23:11:39] [trace] Ayin: MouseMovedEvent: (1137, 53)
[23:11:39] [info] Ayin: FrameInterval:0.016573668s  (16.573668ms)
[23:11:39] [trace] Ayin: MouseMovedEvent: (1183, 48)
[23:11:39] [info] Ayin: FrameInterval:0.016575336s  (16.575336ms)
[23:11:39] [trace] Ayin: MouseMovedEvent: (1200, 44)
[23:11:39] [info] Ayin: FrameInterval:0.016693354s  (16.693354ms)
[23:11:39] [trace] Ayin: MouseMovedEvent: (1207, 41)
[23:11:39] [info] Ayin: FrameInterval:0.01659894s  (16.59894ms)
[23:11:39] [trace] Ayin: MouseMovedEvent: (1209, 39)
[23:11:39] [info] Ayin: FrameInterval:0.016807795s  (16.807795ms)
[23:11:39] [trace] Ayin: MouseMovedEvent: (1211, 37)
[23:11:39] [info] Ayin: FrameInterval:0.016582727s  (16.582727ms)
[23:11:39] [trace] Ayin: MouseMovedEvent: (1214, 32)
[23:11:39] [info] Ayin: FrameInterval:0.016683578s  (16.683578ms)
[23:11:39] [trace] Ayin: MouseMovedEvent: (1221, 23)
[23:11:39] [trace] Ayin: MouseMovedEvent: (1224, 19)
[23:11:39] [info] Ayin: FrameInterval:0.016640186s  (16.640186ms)
[23:11:39] [trace] Ayin: MouseMovedEvent: (1227, 14)
[23:11:39] [trace] Ayin: MouseMovedEvent: (1231, 9)
[23:11:39] [info] Ayin: FrameInterval:0.016800165s  (16.800165ms)
[23:11:39] [trace] Ayin: MouseMovedEvent: (1235, 3)
[23:11:39] [info] Ayin: FrameInterval:0.016560078s  (16.560078ms)
[23:11:39] [trace] Ayin: MouseMovedEvent: (1236, 0)
[23:11:39] [info] Ayin: FrameInterval:0.016671896s  (16.671896ms)
[23:11:39] [info] Ayin: FrameInterval:0.016663313s  (16.663313ms)
[23:11:39] [info] Ayin: FrameInterval:0.016662836s  (16.662836ms)
[23:11:39] [info] Ayin: FrameInterval:0.016742468s  (16.742468ms)
[23:11:39] [info] Ayin: FrameInterval:0.016782999s  (16.782999ms)
[23:11:39] [info] Ayin: FrameInterval:0.01667428s  (16.67428ms)
[23:11:39] [info] Ayin: FrameInterval:0.016547203s  (16.547203ms)
[23:11:39] [info] Ayin: FrameInterval:0.016982079s  (16.982079ms)
[23:11:39] [info] Ayin: FrameInterval:0.016337156s  (16.337156ms)
[23:11:39] [info] Ayin: FrameInterval:0.022467852s  (22.467852ms)
[23:11:39] [info] Ayin: FrameInterval:0.010826826s  (10.826826ms)
[23:11:39] [info] Ayin: FrameInterval:0.0167737s  (16.7737ms)
[23:11:39] [info] Ayin: FrameInterval:0.01644659s  (16.44659ms)
[23:11:39] [info] Ayin: FrameInterval:0.016721487s  (16.721487ms)
[23:11:39] [info] Ayin: FrameInterval:0.016673326s  (16.673326ms)
[23:11:39] [info] Ayin: FrameInterval:0.016664505s  (16.664505ms)
[23:11:39] [info] Ayin: FrameInterval:0.016798973s  (16.798973ms)
[23:11:39] [info] Ayin: FrameInterval:0.016591787s  (16.591787ms)
[23:11:39] [info] Ayin: FrameInterval:0.016591787s  (16.591787ms)
[23:11:39] [info] Ayin: FrameInterval:0.016748428s  (16.748428ms)
[23:11:39] [info] Ayin: FrameInterval:0.017000675s  (17.000675ms)
[23:11:39] [info] Ayin: FrameInterval:0.016265154s  (16.265154ms)
[23:11:39] [info] Ayin: FrameInterval:0.016752243s  (16.752243ms)
[23:11:39] [info] Ayin: FrameInterval:0.016583443s  (16.583443ms)
[23:11:40] [info] Ayin: FrameInterval:0.016699791s  (16.699791ms)
[23:11:40] [info] Ayin: FrameInterval:0.016712189s  (16.712189ms)
[23:11:40] [info] Ayin: FrameInterval:0.016599417s  (16.599417ms)
[23:11:40] [info] Ayin: FrameInterval:0.01660347s  (16.60347ms)
[23:11:40] [info] Ayin: FrameInterval:0.016785145s  (16.785145ms)
[23:11:40] [trace] Ayin: WindowClose
[23:11:40] [info] Ayin: Terminating GLFW
